<?xml version="1.0" encoding="UTF-8"?>
<testsuite xmlns:xsi="http://www.w3.org/2001/XMLSchema-instance" xsi:noNamespaceSchemaLocation="https://maven.apache.org/surefire/maven-surefire-plugin/xsd/surefire-test-report-3.0.xsd" version="3.0" name="BinarySearchTest" time="0.382" tests="9" errors="0" skipped="0" failures="0">
  <properties>
[...]
</properties>
  <testcase name="testEmptyArray" classname="BinarySearchTest" time="0.122"/>
  <testcase name="testElementLargerThanMiddle" classname="BinarySearchTest" time="0.008"/>
  <testcase name="testElementAtEnd" classname="BinarySearchTest" time="0.005"/>
  <testcase name="testElementFound" classname="BinarySearchTest" time="0.006"/>
  <testcase name="testElementAtBeginning" classname="BinarySearchTest" time="0.004"/>
  <testcase name="testSingleElementNotFound" classname="BinarySearchTest" time="0.006"/>
  <testcase name="testElementNotFound" classname="BinarySearchTest" time="0.014"/>
  <testcase name="testSingleElementFound" classname="BinarySearchTest" time="0.003"/>
  <testcase name="testElementSmallerThanMiddle" classname="BinarySearchTest" time="0.003"/>
</testsuite>